{"C:\\Users\\Ausra\\Desktop\\NomNom-frontend\\App.js": {"path":"C:\\Users\\Ausra\\Desktop\\NomNom-frontend\\App.js","statementMap":{"0":{"start":{"line":15,"column":14},"end":{"line":15,"column":42}},"1":{"start":{"line":16,"column":12},"end":{"line":16,"column":38}},"2":{"start":{"line":18,"column":71},"end":{"line":18,"column":78}},"3":{"start":{"line":21,"column":2},"end":{"line":23,"column":4}},"4":{"start":{"line":27,"column":2},"end":{"line":53,"column":4}},"5":{"start":{"line":39,"column":46},"end":{"line":41,"column":12}},"6":{"start":{"line":48,"column":46},"end":{"line":49,"column":69}},"7":{"start":{"line":57,"column":2},"end":{"line":97,"column":4}},"8":{"start":{"line":78,"column":36},"end":{"line":78,"column":60}},"9":{"start":{"line":86,"column":14},"end":{"line":87,"column":77}},"10":{"start":{"line":87,"column":43},"end":{"line":87,"column":73}},"11":{"start":{"line":90,"column":14},"end":{"line":91,"column":80}},"12":{"start":{"line":91,"column":46},"end":{"line":91,"column":74}}},"fnMap":{"0":{"name":"LogoTitle","decl":{"start":{"line":20,"column":9},"end":{"line":20,"column":18}},"loc":{"start":{"line":20,"column":21},"end":{"line":24,"column":1}},"line":20},"1":{"name":"Home","decl":{"start":{"line":26,"column":9},"end":{"line":26,"column":13}},"loc":{"start":{"line":26,"column":16},"end":{"line":54,"column":1}},"line":26},"2":{"name":"(anonymous_2)","decl":{"start":{"line":39,"column":22},"end":{"line":39,"column":23}},"loc":{"start":{"line":39,"column":46},"end":{"line":41,"column":12}},"line":39},"3":{"name":"(anonymous_3)","decl":{"start":{"line":48,"column":22},"end":{"line":48,"column":23}},"loc":{"start":{"line":48,"column":46},"end":{"line":49,"column":69}},"line":48},"4":{"name":"App","decl":{"start":{"line":56,"column":9},"end":{"line":56,"column":12}},"loc":{"start":{"line":56,"column":15},"end":{"line":98,"column":1}},"line":56},"5":{"name":"(anonymous_5)","decl":{"start":{"line":78,"column":25},"end":{"line":78,"column":26}},"loc":{"start":{"line":78,"column":36},"end":{"line":78,"column":60}},"line":78},"6":{"name":"(anonymous_6)","decl":{"start":{"line":85,"column":25},"end":{"line":85,"column":26}},"loc":{"start":{"line":86,"column":14},"end":{"line":87,"column":77}},"line":86},"7":{"name":"(anonymous_7)","decl":{"start":{"line":87,"column":37},"end":{"line":87,"column":38}},"loc":{"start":{"line":87,"column":43},"end":{"line":87,"column":73}},"line":87},"8":{"name":"(anonymous_8)","decl":{"start":{"line":89,"column":24},"end":{"line":89,"column":25}},"loc":{"start":{"line":90,"column":14},"end":{"line":91,"column":80}},"line":90},"9":{"name":"(anonymous_9)","decl":{"start":{"line":91,"column":38},"end":{"line":91,"column":39}},"loc":{"start":{"line":91,"column":44},"end":{"line":91,"column":76}},"line":91}},"branchMap":{"0":{"loc":{"start":{"line":40,"column":19},"end":{"line":40,"column":65}},"type":"cond-expr","locations":[{"start":{"line":40,"column":29},"end":{"line":40,"column":45}},{"start":{"line":40,"column":48},"end":{"line":40,"column":65}}],"line":40},"1":{"loc":{"start":{"line":49,"column":19},"end":{"line":49,"column":65}},"type":"cond-expr","locations":[{"start":{"line":49,"column":29},"end":{"line":49,"column":45}},{"start":{"line":49,"column":48},"end":{"line":49,"column":65}}],"line":49}},"s":{"0":0,"1":0,"2":0,"3":0,"4":0,"5":0,"6":0,"7":0,"8":0,"9":0,"10":0,"11":0,"12":0},"f":{"0":0,"1":0,"2":0,"3":0,"4":0,"5":0,"6":0,"7":0,"8":0,"9":0},"b":{"0":[0,0],"1":[0,0]}}
,"C:\\Users\\Ausra\\Desktop\\NomNom-frontend\\.expo\\metro\\polyfill.js": {"path":"C:\\Users\\Ausra\\Desktop\\NomNom-frontend\\.expo\\metro\\polyfill.js","statementMap":{"0":{"start":{"line":1,"column":0},"end":{"line":1,"column":81}},"1":{"start":{"line":1,"column":76},"end":{"line":1,"column":80}}},"fnMap":{"0":{"name":"(anonymous_0)","decl":{"start":{"line":1,"column":70},"end":{"line":1,"column":71}},"loc":{"start":{"line":1,"column":76},"end":{"line":1,"column":80}},"line":1}},"branchMap":{"0":{"loc":{"start":{"line":1,"column":28},"end":{"line":1,"column":80}},"type":"cond-expr","locations":[{"start":{"line":1,"column":60},"end":{"line":1,"column":67}},{"start":{"line":1,"column":70},"end":{"line":1,"column":80}}],"line":1}},"s":{"0":0,"1":0},"f":{"0":0},"b":{"0":[0,0]}}
,"C:\\Users\\Ausra\\Desktop\\NomNom-frontend\\.expo\\metro\\polyfill.native.js": {"path":"C:\\Users\\Ausra\\Desktop\\NomNom-frontend\\.expo\\metro\\polyfill.native.js","statementMap":{"0":{"start":{"line":1,"column":0},"end":{"line":1,"column":155}},"1":{"start":{"line":1,"column":43},"end":{"line":1,"column":154}}},"fnMap":{"0":{"name":"(anonymous_0)","decl":{"start":{"line":1,"column":28},"end":{"line":1,"column":29}},"loc":{"start":{"line":1,"column":42},"end":{"line":1,"column":155}},"line":1}},"branchMap":{},"s":{"0":0,"1":0},"f":{"0":0},"b":{}}
,"C:\\Users\\Ausra\\Desktop\\NomNom-frontend\\.expo\\metro\\externals\\assert\\index.js": {"path":"C:\\Users\\Ausra\\Desktop\\NomNom-frontend\\.expo\\metro\\externals\\assert\\index.js","statementMap":{"0":{"start":{"line":1,"column":0},"end":{"line":1,"column":51}}},"fnMap":{},"branchMap":{},"s":{"0":0},"f":{},"b":{}}
,"C:\\Users\\Ausra\\Desktop\\NomNom-frontend\\.expo\\metro\\externals\\async_hooks\\index.js": {"path":"C:\\Users\\Ausra\\Desktop\\NomNom-frontend\\.expo\\metro\\externals\\async_hooks\\index.js","statementMap":{"0":{"start":{"line":1,"column":0},"end":{"line":1,"column":56}}},"fnMap":{},"branchMap":{},"s":{"0":0},"f":{},"b":{}}
,"C:\\Users\\Ausra\\Desktop\\NomNom-frontend\\.expo\\metro\\externals\\buffer\\index.js": {"path":"C:\\Users\\Ausra\\Desktop\\NomNom-frontend\\.expo\\metro\\externals\\buffer\\index.js","statementMap":{"0":{"start":{"line":1,"column":0},"end":{"line":1,"column":51}}},"fnMap":{},"branchMap":{},"s":{"0":0},"f":{},"b":{}}
,"C:\\Users\\Ausra\\Desktop\\NomNom-frontend\\.expo\\metro\\externals\\child_process\\index.js": {"path":"C:\\Users\\Ausra\\Desktop\\NomNom-frontend\\.expo\\metro\\externals\\child_process\\index.js","statementMap":{"0":{"start":{"line":1,"column":0},"end":{"line":1,"column":58}}},"fnMap":{},"branchMap":{},"s":{"0":0},"f":{},"b":{}}
,"C:\\Users\\Ausra\\Desktop\\NomNom-frontend\\.expo\\metro\\externals\\cluster\\index.js": {"path":"C:\\Users\\Ausra\\Desktop\\NomNom-frontend\\.expo\\metro\\externals\\cluster\\index.js","statementMap":{"0":{"start":{"line":1,"column":0},"end":{"line":1,"column":52}}},"fnMap":{},"branchMap":{},"s":{"0":0},"f":{},"b":{}}
,"C:\\Users\\Ausra\\Desktop\\NomNom-frontend\\.expo\\metro\\externals\\console\\index.js": {"path":"C:\\Users\\Ausra\\Desktop\\NomNom-frontend\\.expo\\metro\\externals\\console\\index.js","statementMap":{"0":{"start":{"line":1,"column":0},"end":{"line":1,"column":52}}},"fnMap":{},"branchMap":{},"s":{"0":0},"f":{},"b":{}}
,"C:\\Users\\Ausra\\Desktop\\NomNom-frontend\\.expo\\metro\\externals\\constants\\index.js": {"path":"C:\\Users\\Ausra\\Desktop\\NomNom-frontend\\.expo\\metro\\externals\\constants\\index.js","statementMap":{"0":{"start":{"line":1,"column":0},"end":{"line":1,"column":54}}},"fnMap":{},"branchMap":{},"s":{"0":0},"f":{},"b":{}}
,"C:\\Users\\Ausra\\Desktop\\NomNom-frontend\\.expo\\metro\\externals\\crypto\\index.js": {"path":"C:\\Users\\Ausra\\Desktop\\NomNom-frontend\\.expo\\metro\\externals\\crypto\\index.js","statementMap":{"0":{"start":{"line":1,"column":0},"end":{"line":1,"column":51}}},"fnMap":{},"branchMap":{},"s":{"0":0},"f":{},"b":{}}
,"C:\\Users\\Ausra\\Desktop\\NomNom-frontend\\.expo\\metro\\externals\\dgram\\index.js": {"path":"C:\\Users\\Ausra\\Desktop\\NomNom-frontend\\.expo\\metro\\externals\\dgram\\index.js","statementMap":{"0":{"start":{"line":1,"column":0},"end":{"line":1,"column":50}}},"fnMap":{},"branchMap":{},"s":{"0":0},"f":{},"b":{}}
,"C:\\Users\\Ausra\\Desktop\\NomNom-frontend\\.expo\\metro\\externals\\diagnostics_channel\\index.js": {"path":"C:\\Users\\Ausra\\Desktop\\NomNom-frontend\\.expo\\metro\\externals\\diagnostics_channel\\index.js","statementMap":{"0":{"start":{"line":1,"column":0},"end":{"line":1,"column":64}}},"fnMap":{},"branchMap":{},"s":{"0":0},"f":{},"b":{}}
,"C:\\Users\\Ausra\\Desktop\\NomNom-frontend\\.expo\\metro\\externals\\dns\\index.js": {"path":"C:\\Users\\Ausra\\Desktop\\NomNom-frontend\\.expo\\metro\\externals\\dns\\index.js","statementMap":{"0":{"start":{"line":1,"column":0},"end":{"line":1,"column":48}}},"fnMap":{},"branchMap":{},"s":{"0":0},"f":{},"b":{}}
,"C:\\Users\\Ausra\\Desktop\\NomNom-frontend\\.expo\\metro\\externals\\domain\\index.js": {"path":"C:\\Users\\Ausra\\Desktop\\NomNom-frontend\\.expo\\metro\\externals\\domain\\index.js","statementMap":{"0":{"start":{"line":1,"column":0},"end":{"line":1,"column":51}}},"fnMap":{},"branchMap":{},"s":{"0":0},"f":{},"b":{}}
,"C:\\Users\\Ausra\\Desktop\\NomNom-frontend\\.expo\\metro\\externals\\events\\index.js": {"path":"C:\\Users\\Ausra\\Desktop\\NomNom-frontend\\.expo\\metro\\externals\\events\\index.js","statementMap":{"0":{"start":{"line":1,"column":0},"end":{"line":1,"column":51}}},"fnMap":{},"branchMap":{},"s":{"0":0},"f":{},"b":{}}
,"C:\\Users\\Ausra\\Desktop\\NomNom-frontend\\.expo\\metro\\externals\\fs\\index.js": {"path":"C:\\Users\\Ausra\\Desktop\\NomNom-frontend\\.expo\\metro\\externals\\fs\\index.js","statementMap":{"0":{"start":{"line":1,"column":0},"end":{"line":1,"column":47}}},"fnMap":{},"branchMap":{},"s":{"0":0},"f":{},"b":{}}
,"C:\\Users\\Ausra\\Desktop\\NomNom-frontend\\.expo\\metro\\externals\\fs\\promises\\index.js": {"path":"C:\\Users\\Ausra\\Desktop\\NomNom-frontend\\.expo\\metro\\externals\\fs\\promises\\index.js","statementMap":{"0":{"start":{"line":1,"column":0},"end":{"line":1,"column":56}}},"fnMap":{},"branchMap":{},"s":{"0":0},"f":{},"b":{}}
,"C:\\Users\\Ausra\\Desktop\\NomNom-frontend\\.expo\\metro\\externals\\http\\index.js": {"path":"C:\\Users\\Ausra\\Desktop\\NomNom-frontend\\.expo\\metro\\externals\\http\\index.js","statementMap":{"0":{"start":{"line":1,"column":0},"end":{"line":1,"column":49}}},"fnMap":{},"branchMap":{},"s":{"0":0},"f":{},"b":{}}
,"C:\\Users\\Ausra\\Desktop\\NomNom-frontend\\.expo\\metro\\externals\\http2\\index.js": {"path":"C:\\Users\\Ausra\\Desktop\\NomNom-frontend\\.expo\\metro\\externals\\http2\\index.js","statementMap":{"0":{"start":{"line":1,"column":0},"end":{"line":1,"column":50}}},"fnMap":{},"branchMap":{},"s":{"0":0},"f":{},"b":{}}
,"C:\\Users\\Ausra\\Desktop\\NomNom-frontend\\.expo\\metro\\externals\\https\\index.js": {"path":"C:\\Users\\Ausra\\Desktop\\NomNom-frontend\\.expo\\metro\\externals\\https\\index.js","statementMap":{"0":{"start":{"line":1,"column":0},"end":{"line":1,"column":50}}},"fnMap":{},"branchMap":{},"s":{"0":0},"f":{},"b":{}}
,"C:\\Users\\Ausra\\Desktop\\NomNom-frontend\\.expo\\metro\\externals\\inspector\\index.js": {"path":"C:\\Users\\Ausra\\Desktop\\NomNom-frontend\\.expo\\metro\\externals\\inspector\\index.js","statementMap":{"0":{"start":{"line":1,"column":0},"end":{"line":1,"column":54}}},"fnMap":{},"branchMap":{},"s":{"0":0},"f":{},"b":{}}
,"C:\\Users\\Ausra\\Desktop\\NomNom-frontend\\.expo\\metro\\externals\\module\\index.js": {"path":"C:\\Users\\Ausra\\Desktop\\NomNom-frontend\\.expo\\metro\\externals\\module\\index.js","statementMap":{"0":{"start":{"line":1,"column":0},"end":{"line":1,"column":51}}},"fnMap":{},"branchMap":{},"s":{"0":0},"f":{},"b":{}}
,"C:\\Users\\Ausra\\Desktop\\NomNom-frontend\\.expo\\metro\\externals\\net\\index.js": {"path":"C:\\Users\\Ausra\\Desktop\\NomNom-frontend\\.expo\\metro\\externals\\net\\index.js","statementMap":{"0":{"start":{"line":1,"column":0},"end":{"line":1,"column":48}}},"fnMap":{},"branchMap":{},"s":{"0":0},"f":{},"b":{}}
,"C:\\Users\\Ausra\\Desktop\\NomNom-frontend\\.expo\\metro\\externals\\os\\index.js": {"path":"C:\\Users\\Ausra\\Desktop\\NomNom-frontend\\.expo\\metro\\externals\\os\\index.js","statementMap":{"0":{"start":{"line":1,"column":0},"end":{"line":1,"column":47}}},"fnMap":{},"branchMap":{},"s":{"0":0},"f":{},"b":{}}
,"C:\\Users\\Ausra\\Desktop\\NomNom-frontend\\.expo\\metro\\externals\\path\\index.js": {"path":"C:\\Users\\Ausra\\Desktop\\NomNom-frontend\\.expo\\metro\\externals\\path\\index.js","statementMap":{"0":{"start":{"line":1,"column":0},"end":{"line":1,"column":49}}},"fnMap":{},"branchMap":{},"s":{"0":0},"f":{},"b":{}}
,"C:\\Users\\Ausra\\Desktop\\NomNom-frontend\\.expo\\metro\\externals\\perf_hooks\\index.js": {"path":"C:\\Users\\Ausra\\Desktop\\NomNom-frontend\\.expo\\metro\\externals\\perf_hooks\\index.js","statementMap":{"0":{"start":{"line":1,"column":0},"end":{"line":1,"column":55}}},"fnMap":{},"branchMap":{},"s":{"0":0},"f":{},"b":{}}
,"C:\\Users\\Ausra\\Desktop\\NomNom-frontend\\.expo\\metro\\externals\\process\\index.js": {"path":"C:\\Users\\Ausra\\Desktop\\NomNom-frontend\\.expo\\metro\\externals\\process\\index.js","statementMap":{"0":{"start":{"line":1,"column":0},"end":{"line":1,"column":52}}},"fnMap":{},"branchMap":{},"s":{"0":0},"f":{},"b":{}}
,"C:\\Users\\Ausra\\Desktop\\NomNom-frontend\\.expo\\metro\\externals\\punycode\\index.js": {"path":"C:\\Users\\Ausra\\Desktop\\NomNom-frontend\\.expo\\metro\\externals\\punycode\\index.js","statementMap":{"0":{"start":{"line":1,"column":0},"end":{"line":1,"column":53}}},"fnMap":{},"branchMap":{},"s":{"0":0},"f":{},"b":{}}
,"C:\\Users\\Ausra\\Desktop\\NomNom-frontend\\.expo\\metro\\externals\\querystring\\index.js": {"path":"C:\\Users\\Ausra\\Desktop\\NomNom-frontend\\.expo\\metro\\externals\\querystring\\index.js","statementMap":{"0":{"start":{"line":1,"column":0},"end":{"line":1,"column":56}}},"fnMap":{},"branchMap":{},"s":{"0":0},"f":{},"b":{}}
,"C:\\Users\\Ausra\\Desktop\\NomNom-frontend\\.expo\\metro\\externals\\readline\\index.js": {"path":"C:\\Users\\Ausra\\Desktop\\NomNom-frontend\\.expo\\metro\\externals\\readline\\index.js","statementMap":{"0":{"start":{"line":1,"column":0},"end":{"line":1,"column":53}}},"fnMap":{},"branchMap":{},"s":{"0":0},"f":{},"b":{}}
,"C:\\Users\\Ausra\\Desktop\\NomNom-frontend\\.expo\\metro\\externals\\repl\\index.js": {"path":"C:\\Users\\Ausra\\Desktop\\NomNom-frontend\\.expo\\metro\\externals\\repl\\index.js","statementMap":{"0":{"start":{"line":1,"column":0},"end":{"line":1,"column":49}}},"fnMap":{},"branchMap":{},"s":{"0":0},"f":{},"b":{}}
,"C:\\Users\\Ausra\\Desktop\\NomNom-frontend\\.expo\\metro\\externals\\stream\\index.js": {"path":"C:\\Users\\Ausra\\Desktop\\NomNom-frontend\\.expo\\metro\\externals\\stream\\index.js","statementMap":{"0":{"start":{"line":1,"column":0},"end":{"line":1,"column":51}}},"fnMap":{},"branchMap":{},"s":{"0":0},"f":{},"b":{}}
,"C:\\Users\\Ausra\\Desktop\\NomNom-frontend\\.expo\\metro\\externals\\string_decoder\\index.js": {"path":"C:\\Users\\Ausra\\Desktop\\NomNom-frontend\\.expo\\metro\\externals\\string_decoder\\index.js","statementMap":{"0":{"start":{"line":1,"column":0},"end":{"line":1,"column":59}}},"fnMap":{},"branchMap":{},"s":{"0":0},"f":{},"b":{}}
,"C:\\Users\\Ausra\\Desktop\\NomNom-frontend\\.expo\\metro\\externals\\timers\\index.js": {"path":"C:\\Users\\Ausra\\Desktop\\NomNom-frontend\\.expo\\metro\\externals\\timers\\index.js","statementMap":{"0":{"start":{"line":1,"column":0},"end":{"line":1,"column":51}}},"fnMap":{},"branchMap":{},"s":{"0":0},"f":{},"b":{}}
,"C:\\Users\\Ausra\\Desktop\\NomNom-frontend\\.expo\\metro\\externals\\tls\\index.js": {"path":"C:\\Users\\Ausra\\Desktop\\NomNom-frontend\\.expo\\metro\\externals\\tls\\index.js","statementMap":{"0":{"start":{"line":1,"column":0},"end":{"line":1,"column":48}}},"fnMap":{},"branchMap":{},"s":{"0":0},"f":{},"b":{}}
,"C:\\Users\\Ausra\\Desktop\\NomNom-frontend\\.expo\\metro\\externals\\trace_events\\index.js": {"path":"C:\\Users\\Ausra\\Desktop\\NomNom-frontend\\.expo\\metro\\externals\\trace_events\\index.js","statementMap":{"0":{"start":{"line":1,"column":0},"end":{"line":1,"column":57}}},"fnMap":{},"branchMap":{},"s":{"0":0},"f":{},"b":{}}
,"C:\\Users\\Ausra\\Desktop\\NomNom-frontend\\.expo\\metro\\externals\\tty\\index.js": {"path":"C:\\Users\\Ausra\\Desktop\\NomNom-frontend\\.expo\\metro\\externals\\tty\\index.js","statementMap":{"0":{"start":{"line":1,"column":0},"end":{"line":1,"column":48}}},"fnMap":{},"branchMap":{},"s":{"0":0},"f":{},"b":{}}
,"C:\\Users\\Ausra\\Desktop\\NomNom-frontend\\.expo\\metro\\externals\\url\\index.js": {"path":"C:\\Users\\Ausra\\Desktop\\NomNom-frontend\\.expo\\metro\\externals\\url\\index.js","statementMap":{"0":{"start":{"line":1,"column":0},"end":{"line":1,"column":48}}},"fnMap":{},"branchMap":{},"s":{"0":0},"f":{},"b":{}}
,"C:\\Users\\Ausra\\Desktop\\NomNom-frontend\\.expo\\metro\\externals\\util\\index.js": {"path":"C:\\Users\\Ausra\\Desktop\\NomNom-frontend\\.expo\\metro\\externals\\util\\index.js","statementMap":{"0":{"start":{"line":1,"column":0},"end":{"line":1,"column":49}}},"fnMap":{},"branchMap":{},"s":{"0":0},"f":{},"b":{}}
,"C:\\Users\\Ausra\\Desktop\\NomNom-frontend\\.expo\\metro\\externals\\v8\\index.js": {"path":"C:\\Users\\Ausra\\Desktop\\NomNom-frontend\\.expo\\metro\\externals\\v8\\index.js","statementMap":{"0":{"start":{"line":1,"column":0},"end":{"line":1,"column":47}}},"fnMap":{},"branchMap":{},"s":{"0":0},"f":{},"b":{}}
,"C:\\Users\\Ausra\\Desktop\\NomNom-frontend\\.expo\\metro\\externals\\vm\\index.js": {"path":"C:\\Users\\Ausra\\Desktop\\NomNom-frontend\\.expo\\metro\\externals\\vm\\index.js","statementMap":{"0":{"start":{"line":1,"column":0},"end":{"line":1,"column":47}}},"fnMap":{},"branchMap":{},"s":{"0":0},"f":{},"b":{}}
,"C:\\Users\\Ausra\\Desktop\\NomNom-frontend\\.expo\\metro\\externals\\wasi\\index.js": {"path":"C:\\Users\\Ausra\\Desktop\\NomNom-frontend\\.expo\\metro\\externals\\wasi\\index.js","statementMap":{"0":{"start":{"line":1,"column":0},"end":{"line":1,"column":49}}},"fnMap":{},"branchMap":{},"s":{"0":0},"f":{},"b":{}}
,"C:\\Users\\Ausra\\Desktop\\NomNom-frontend\\.expo\\metro\\externals\\worker_threads\\index.js": {"path":"C:\\Users\\Ausra\\Desktop\\NomNom-frontend\\.expo\\metro\\externals\\worker_threads\\index.js","statementMap":{"0":{"start":{"line":1,"column":0},"end":{"line":1,"column":59}}},"fnMap":{},"branchMap":{},"s":{"0":0},"f":{},"b":{}}
,"C:\\Users\\Ausra\\Desktop\\NomNom-frontend\\.expo\\metro\\externals\\zlib\\index.js": {"path":"C:\\Users\\Ausra\\Desktop\\NomNom-frontend\\.expo\\metro\\externals\\zlib\\index.js","statementMap":{"0":{"start":{"line":1,"column":0},"end":{"line":1,"column":49}}},"fnMap":{},"branchMap":{},"s":{"0":0},"f":{},"b":{}}
,"C:\\Users\\Ausra\\Desktop\\NomNom-frontend\\.expo\\metro\\shims\\react-native-web\\dist\\cjs\\exports\\AppRegistry\\AppContainer.js": {"path":"C:\\Users\\Ausra\\Desktop\\NomNom-frontend\\.expo\\metro\\shims\\react-native-web\\dist\\cjs\\exports\\AppRegistry\\AppContainer.js","statementMap":{"0":{"start":{"line":5,"column":2},"end":{"line":5,"column":18}},"1":{"start":{"line":8,"column":0},"end":{"line":10,"column":1}},"2":{"start":{"line":9,"column":2},"end":{"line":9,"column":44}},"3":{"start":{"line":12,"column":0},"end":{"line":12,"column":30}},"4":{"start":{"line":13,"column":0},"end":{"line":13,"column":38}}},"fnMap":{"0":{"name":"AppContainer","decl":{"start":{"line":4,"column":9},"end":{"line":4,"column":21}},"loc":{"start":{"line":4,"column":36},"end":{"line":6,"column":1}},"line":4}},"branchMap":{"0":{"loc":{"start":{"line":8,"column":0},"end":{"line":10,"column":1}},"type":"if","locations":[{"start":{"line":8,"column":0},"end":{"line":10,"column":1}},{"start":{},"end":{}}],"line":8}},"s":{"0":0,"1":0,"2":0,"3":0,"4":0},"f":{"0":0},"b":{"0":[0,0]}}
,"C:\\Users\\Ausra\\Desktop\\NomNom-frontend\\.expo\\metro\\shims\\react-native-web\\dist\\cjs\\exports\\BackHandler\\index.js": {"path":"C:\\Users\\Ausra\\Desktop\\NomNom-frontend\\.expo\\metro\\shims\\react-native-web\\dist\\cjs\\exports\\BackHandler\\index.js","statementMap":{"0":{"start":{"line":3,"column":0},"end":{"line":3,"column":54}},"1":{"start":{"line":4,"column":18},"end":{"line":8,"column":3}},"2":{"start":{"line":6,"column":29},"end":{"line":6,"column":54}},"3":{"start":{"line":9,"column":13},"end":{"line":9,"column":24}},"4":{"start":{"line":10,"column":0},"end":{"line":10,"column":65}}},"fnMap":{"0":{"name":"emptyFunction","decl":{"start":{"line":2,"column":9},"end":{"line":2,"column":22}},"loc":{"start":{"line":2,"column":25},"end":{"line":2,"column":27}},"line":2},"1":{"name":"(anonymous_1)","decl":{"start":{"line":6,"column":22},"end":{"line":6,"column":23}},"loc":{"start":{"line":6,"column":29},"end":{"line":6,"column":54}},"line":6}},"branchMap":{},"s":{"0":0,"1":0,"2":0,"3":0,"4":0},"f":{"0":0,"1":0},"b":{}}
,"C:\\Users\\Ausra\\Desktop\\NomNom-frontend\\.expo\\metro\\shims\\react-native-web\\dist\\exports\\AppRegistry\\AppContainer.js": {"path":"C:\\Users\\Ausra\\Desktop\\NomNom-frontend\\.expo\\metro\\shims\\react-native-web\\dist\\exports\\AppRegistry\\AppContainer.js","statementMap":{"0":{"start":{"line":5,"column":2},"end":{"line":5,"column":18}},"1":{"start":{"line":8,"column":0},"end":{"line":10,"column":1}},"2":{"start":{"line":9,"column":2},"end":{"line":9,"column":44}}},"fnMap":{"0":{"name":"AppContainer","decl":{"start":{"line":4,"column":9},"end":{"line":4,"column":21}},"loc":{"start":{"line":4,"column":36},"end":{"line":6,"column":1}},"line":4}},"branchMap":{"0":{"loc":{"start":{"line":8,"column":0},"end":{"line":10,"column":1}},"type":"if","locations":[{"start":{"line":8,"column":0},"end":{"line":10,"column":1}},{"start":{},"end":{}}],"line":8}},"s":{"0":0,"1":0,"2":0},"f":{"0":0},"b":{"0":[0,0]}}
,"C:\\Users\\Ausra\\Desktop\\NomNom-frontend\\.expo\\metro\\shims\\react-native-web\\dist\\exports\\BackHandler\\index.js": {"path":"C:\\Users\\Ausra\\Desktop\\NomNom-frontend\\.expo\\metro\\shims\\react-native-web\\dist\\exports\\BackHandler\\index.js","statementMap":{"0":{"start":{"line":2,"column":18},"end":{"line":6,"column":1}},"1":{"start":{"line":4,"column":27},"end":{"line":4,"column":52}}},"fnMap":{"0":{"name":"emptyFunction","decl":{"start":{"line":1,"column":9},"end":{"line":1,"column":22}},"loc":{"start":{"line":1,"column":25},"end":{"line":1,"column":27}},"line":1},"1":{"name":"(anonymous_1)","decl":{"start":{"line":4,"column":20},"end":{"line":4,"column":21}},"loc":{"start":{"line":4,"column":27},"end":{"line":4,"column":52}},"line":4}},"branchMap":{},"s":{"0":0,"1":0},"f":{"0":0,"1":0},"b":{}}
,"C:\\Users\\Ausra\\Desktop\\NomNom-frontend\\api\\auth.js": {"path":"C:\\Users\\Ausra\\Desktop\\NomNom-frontend\\api\\auth.js","statementMap":{"0":{"start":{"line":3,"column":27},"end":{"line":12,"column":2}},"1":{"start":{"line":4,"column":0},"end":{"line":12,"column":2}},"2":{"start":{"line":5,"column":2},"end":{"line":11,"column":7}},"3":{"start":{"line":7,"column":17},"end":{"line":7,"column":32}},"4":{"start":{"line":9,"column":6},"end":{"line":9,"column":15}},"5":{"start":{"line":10,"column":6},"end":{"line":10,"column":16}},"6":{"start":{"line":14,"column":30},"end":{"line":29,"column":4}},"7":{"start":{"line":15,"column":2},"end":{"line":29,"column":4}},"8":{"start":{"line":16,"column":4},"end":{"line":28,"column":9}},"9":{"start":{"line":21,"column":8},"end":{"line":21,"column":37}},"10":{"start":{"line":23,"column":8},"end":{"line":23,"column":30}},"11":{"start":{"line":26,"column":8},"end":{"line":26,"column":17}},"12":{"start":{"line":27,"column":8},"end":{"line":27,"column":18}}},"fnMap":{"0":{"name":"(anonymous_0)","decl":{"start":{"line":3,"column":27},"end":{"line":3,"column":28}},"loc":{"start":{"line":4,"column":0},"end":{"line":12,"column":2}},"line":4},"1":{"name":"(anonymous_1)","decl":{"start":{"line":4,"column":12},"end":{"line":4,"column":13}},"loc":{"start":{"line":4,"column":33},"end":{"line":12,"column":1}},"line":4},"2":{"name":"(anonymous_2)","decl":{"start":{"line":7,"column":10},"end":{"line":7,"column":11}},"loc":{"start":{"line":7,"column":17},"end":{"line":7,"column":32}},"line":7},"3":{"name":"(anonymous_3)","decl":{"start":{"line":8,"column":11},"end":{"line":8,"column":12}},"loc":{"start":{"line":8,"column":18},"end":{"line":11,"column":5}},"line":8},"4":{"name":"(anonymous_4)","decl":{"start":{"line":14,"column":30},"end":{"line":14,"column":31}},"loc":{"start":{"line":15,"column":2},"end":{"line":29,"column":4}},"line":15},"5":{"name":"(anonymous_5)","decl":{"start":{"line":15,"column":14},"end":{"line":15,"column":15}},"loc":{"start":{"line":15,"column":35},"end":{"line":29,"column":3}},"line":15},"6":{"name":"(anonymous_6)","decl":{"start":{"line":18,"column":12},"end":{"line":18,"column":13}},"loc":{"start":{"line":18,"column":26},"end":{"line":24,"column":7}},"line":18},"7":{"name":"(anonymous_7)","decl":{"start":{"line":25,"column":13},"end":{"line":25,"column":14}},"loc":{"start":{"line":25,"column":20},"end":{"line":28,"column":7}},"line":25}},"branchMap":{},"s":{"0":1,"1":0,"2":0,"3":0,"4":0,"5":0,"6":1,"7":0,"8":0,"9":0,"10":0,"11":0,"12":0},"f":{"0":0,"1":0,"2":0,"3":0,"4":0,"5":0,"6":0,"7":0},"b":{},"_coverageSchema":"1a1c01bbd47fc00a2c39e90264f33305004495a9","hash":"4456114ee3245f6b5e54c665a273ba72ea2e1605"}
,"C:\\Users\\Ausra\\Desktop\\NomNom-frontend\\api\\axios.js": {"path":"C:\\Users\\Ausra\\Desktop\\NomNom-frontend\\api\\axios.js","statementMap":{"0":{"start":{"line":9,"column":28},"end":{"line":13,"column":2}}},"fnMap":{},"branchMap":{},"s":{"0":1},"f":{},"b":{},"_coverageSchema":"1a1c01bbd47fc00a2c39e90264f33305004495a9","hash":"2676bf05c86928f3ecce05d4439ae558a191b278"}
,"C:\\Users\\Ausra\\Desktop\\NomNom-frontend\\api\\index.js": {"path":"C:\\Users\\Ausra\\Desktop\\NomNom-frontend\\api\\index.js","statementMap":{},"fnMap":{},"branchMap":{},"s":{},"f":{},"b":{},"_coverageSchema":"1a1c01bbd47fc00a2c39e90264f33305004495a9","hash":"df1a0bd4fa69adddba293dc9bdb24d86b10a16f9"}
,"C:\\Users\\Ausra\\Desktop\\NomNom-frontend\\components\\mapComp.js": {"path":"C:\\Users\\Ausra\\Desktop\\NomNom-frontend\\components\\mapComp.js","statementMap":{"0":{"start":{"line":9,"column":71},"end":{"line":9,"column":78}},"1":{"start":{"line":11,"column":16},"end":{"line":119,"column":1}},"2":{"start":{"line":12,"column":50},"end":{"line":12,"column":64}},"3":{"start":{"line":13,"column":46},"end":{"line":13,"column":60}},"4":{"start":{"line":14,"column":50},"end":{"line":14,"column":64}},"5":{"start":{"line":15,"column":52},"end":{"line":15,"column":66}},"6":{"start":{"line":16,"column":38},"end":{"line":16,"column":53}},"7":{"start":{"line":17,"column":50},"end":{"line":17,"column":62}},"8":{"start":{"line":20,"column":4},"end":{"line":39,"column":11}},"9":{"start":{"line":21,"column":28},"end":{"line":36,"column":9}},"10":{"start":{"line":22,"column":29},"end":{"line":22,"column":79}},"11":{"start":{"line":23,"column":12},"end":{"line":26,"column":13}},"12":{"start":{"line":24,"column":16},"end":{"line":24,"column":72}},"13":{"start":{"line":25,"column":16},"end":{"line":25,"column":23}},"14":{"start":{"line":27,"column":12},"end":{"line":35,"column":15}},"15":{"start":{"line":28,"column":16},"end":{"line":28,"column":52}},"16":{"start":{"line":29,"column":16},"end":{"line":34,"column":19}},"17":{"start":{"line":38,"column":8},"end":{"line":38,"column":22}},"18":{"start":{"line":41,"column":27},"end":{"line":45,"column":5}},"19":{"start":{"line":42,"column":8},"end":{"line":42,"column":57}},"20":{"start":{"line":43,"column":8},"end":{"line":43,"column":34}},"21":{"start":{"line":44,"column":8},"end":{"line":44,"column":27}},"22":{"start":{"line":47,"column":30},"end":{"line":50,"column":5}},"23":{"start":{"line":48,"column":8},"end":{"line":48,"column":38}},"24":{"start":{"line":49,"column":8},"end":{"line":49,"column":27}},"25":{"start":{"line":52,"column":35},"end":{"line":58,"column":5}},"26":{"start":{"line":53,"column":8},"end":{"line":53,"column":28}},"27":{"start":{"line":54,"column":8},"end":{"line":57,"column":9}},"28":{"start":{"line":55,"column":12},"end":{"line":55,"column":70}},"29":{"start":{"line":56,"column":12},"end":{"line":56,"column":37}},"30":{"start":{"line":60,"column":28},"end":{"line":66,"column":5}},"31":{"start":{"line":61,"column":8},"end":{"line":63,"column":10}},"32":{"start":{"line":62,"column":12},"end":{"line":62,"column":75}},"33":{"start":{"line":62,"column":45},"end":{"line":62,"column":74}},"34":{"start":{"line":64,"column":8},"end":{"line":64,"column":34}},"35":{"start":{"line":65,"column":8},"end":{"line":65,"column":28}},"36":{"start":{"line":68,"column":25},"end":{"line":70,"column":5}},"37":{"start":{"line":69,"column":8},"end":{"line":69,"column":28}},"38":{"start":{"line":72,"column":4},"end":{"line":118,"column":6}},"39":{"start":{"line":94,"column":24},"end":{"line":100,"column":26}},"40":{"start":{"line":99,"column":43},"end":{"line":99,"column":70}},"41":{"start":{"line":115,"column":74},"end":{"line":115,"column":164}},"42":{"start":{"line":122,"column":29},"end":{"line":163,"column":1}},"43":{"start":{"line":123,"column":4},"end":{"line":162,"column":6}},"44":{"start":{"line":165,"column":15},"end":{"line":226,"column":2}}},"fnMap":{"0":{"name":"(anonymous_0)","decl":{"start":{"line":11,"column":16},"end":{"line":11,"column":17}},"loc":{"start":{"line":11,"column":22},"end":{"line":119,"column":1}},"line":11},"1":{"name":"(anonymous_1)","decl":{"start":{"line":20,"column":14},"end":{"line":20,"column":15}},"loc":{"start":{"line":20,"column":20},"end":{"line":39,"column":5}},"line":20},"2":{"name":"(anonymous_2)","decl":{"start":{"line":21,"column":28},"end":{"line":21,"column":29}},"loc":{"start":{"line":21,"column":40},"end":{"line":36,"column":9}},"line":21},"3":{"name":"(anonymous_3)","decl":{"start":{"line":27,"column":66},"end":{"line":27,"column":67}},"loc":{"start":{"line":27,"column":80},"end":{"line":35,"column":13}},"line":27},"4":{"name":"(anonymous_4)","decl":{"start":{"line":41,"column":27},"end":{"line":41,"column":28}},"loc":{"start":{"line":41,"column":38},"end":{"line":45,"column":5}},"line":41},"5":{"name":"(anonymous_5)","decl":{"start":{"line":47,"column":30},"end":{"line":47,"column":31}},"loc":{"start":{"line":47,"column":44},"end":{"line":50,"column":5}},"line":47},"6":{"name":"(anonymous_6)","decl":{"start":{"line":52,"column":35},"end":{"line":52,"column":36}},"loc":{"start":{"line":52,"column":41},"end":{"line":58,"column":5}},"line":52},"7":{"name":"(anonymous_7)","decl":{"start":{"line":60,"column":28},"end":{"line":60,"column":29}},"loc":{"start":{"line":60,"column":34},"end":{"line":66,"column":5}},"line":60},"8":{"name":"(anonymous_8)","decl":{"start":{"line":61,"column":27},"end":{"line":61,"column":28}},"loc":{"start":{"line":62,"column":12},"end":{"line":62,"column":75}},"line":62},"9":{"name":"(anonymous_9)","decl":{"start":{"line":62,"column":33},"end":{"line":62,"column":34}},"loc":{"start":{"line":62,"column":45},"end":{"line":62,"column":74}},"line":62},"10":{"name":"(anonymous_10)","decl":{"start":{"line":68,"column":25},"end":{"line":68,"column":26}},"loc":{"start":{"line":68,"column":31},"end":{"line":70,"column":5}},"line":68},"11":{"name":"(anonymous_11)","decl":{"start":{"line":93,"column":41},"end":{"line":93,"column":42}},"loc":{"start":{"line":94,"column":24},"end":{"line":100,"column":26}},"line":94},"12":{"name":"(anonymous_12)","decl":{"start":{"line":99,"column":37},"end":{"line":99,"column":38}},"loc":{"start":{"line":99,"column":43},"end":{"line":99,"column":70}},"line":99},"13":{"name":"(anonymous_13)","decl":{"start":{"line":115,"column":67},"end":{"line":115,"column":68}},"loc":{"start":{"line":115,"column":74},"end":{"line":115,"column":164}},"line":115},"14":{"name":"(anonymous_14)","decl":{"start":{"line":122,"column":29},"end":{"line":122,"column":30}},"loc":{"start":{"line":122,"column":87},"end":{"line":163,"column":1}},"line":122},"15":{"name":"(anonymous_15)","decl":{"start":{"line":128,"column":28},"end":{"line":128,"column":29}},"loc":{"start":{"line":128,"column":34},"end":{"line":128,"column":37}},"line":128}},"branchMap":{"0":{"loc":{"start":{"line":23,"column":12},"end":{"line":26,"column":13}},"type":"if","locations":[{"start":{"line":23,"column":12},"end":{"line":26,"column":13}},{"start":{},"end":{}}],"line":23},"1":{"loc":{"start":{"line":54,"column":8},"end":{"line":57,"column":9}},"type":"if","locations":[{"start":{"line":54,"column":8},"end":{"line":57,"column":9}},{"start":{},"end":{}}],"line":54},"2":{"loc":{"start":{"line":74,"column":13},"end":{"line":109,"column":13}},"type":"binary-expr","locations":[{"start":{"line":74,"column":13},"end":{"line":74,"column":26}},{"start":{"line":75,"column":16},"end":{"line":108,"column":26}}],"line":74},"3":{"loc":{"start":{"line":76,"column":21},"end":{"line":85,"column":21}},"type":"binary-expr","locations":[{"start":{"line":76,"column":21},"end":{"line":76,"column":36}},{"start":{"line":77,"column":24},"end":{"line":84,"column":26}}],"line":76},"4":{"loc":{"start":{"line":86,"column":21},"end":{"line":92,"column":21}},"type":"binary-expr","locations":[{"start":{"line":86,"column":21},"end":{"line":86,"column":36}},{"start":{"line":87,"column":24},"end":{"line":91,"column":26}}],"line":86},"5":{"loc":{"start":{"line":102,"column":21},"end":{"line":107,"column":21}},"type":"binary-expr","locations":[{"start":{"line":102,"column":21},"end":{"line":102,"column":37}},{"start":{"line":103,"column":24},"end":{"line":106,"column":26}}],"line":102},"6":{"loc":{"start":{"line":115,"column":26},"end":{"line":115,"column":165}},"type":"binary-expr","locations":[{"start":{"line":115,"column":26},"end":{"line":115,"column":42}},{"start":{"line":115,"column":46},"end":{"line":115,"column":165}}],"line":115},"7":{"loc":{"start":{"line":115,"column":74},"end":{"line":115,"column":164}},"type":"binary-expr","locations":[{"start":{"line":115,"column":74},"end":{"line":115,"column":116}},{"start":{"line":115,"column":120},"end":{"line":115,"column":164}}],"line":115},"8":{"loc":{"start":{"line":133,"column":21},"end":{"line":158,"column":21}},"type":"cond-expr","locations":[{"start":{"line":134,"column":24},"end":{"line":147,"column":27}},{"start":{"line":149,"column":24},"end":{"line":157,"column":27}}],"line":133}},"s":{"0":0,"1":0,"2":0,"3":0,"4":0,"5":0,"6":0,"7":0,"8":0,"9":0,"10":0,"11":0,"12":0,"13":0,"14":0,"15":0,"16":0,"17":0,"18":0,"19":0,"20":0,"21":0,"22":0,"23":0,"24":0,"25":0,"26":0,"27":0,"28":0,"29":0,"30":0,"31":0,"32":0,"33":0,"34":0,"35":0,"36":0,"37":0,"38":0,"39":0,"40":0,"41":0,"42":0,"43":0,"44":0},"f":{"0":0,"1":0,"2":0,"3":0,"4":0,"5":0,"6":0,"7":0,"8":0,"9":0,"10":0,"11":0,"12":0,"13":0,"14":0,"15":0},"b":{"0":[0,0],"1":[0,0],"2":[0,0],"3":[0,0],"4":[0,0],"5":[0,0],"6":[0,0],"7":[0,0],"8":[0,0]}}
,"C:\\Users\\Ausra\\Desktop\\NomNom-frontend\\components\\style.js": {"path":"C:\\Users\\Ausra\\Desktop\\NomNom-frontend\\components\\style.js","statementMap":{"0":{"start":{"line":5,"column":24},"end":{"line":5,"column":49}},"1":{"start":{"line":7,"column":24},"end":{"line":15,"column":1}},"2":{"start":{"line":17,"column":69},"end":{"line":17,"column":76}},"3":{"start":{"line":19,"column":31},"end":{"line":24,"column":1}},"4":{"start":{"line":26,"column":30},"end":{"line":30,"column":1}},"5":{"start":{"line":32,"column":24},"end":{"line":37,"column":1}},"6":{"start":{"line":39,"column":29},"end":{"line":42,"column":1}},"7":{"start":{"line":44,"column":25},"end":{"line":50,"column":1}},"8":{"start":{"line":52,"column":24},"end":{"line":59,"column":1}},"9":{"start":{"line":61,"column":30},"end":{"line":64,"column":1}},"10":{"start":{"line":66,"column":31},"end":{"line":77,"column":1}},"11":{"start":{"line":79,"column":32},"end":{"line":83,"column":1}},"12":{"start":{"line":85,"column":24},"end":{"line":90,"column":1}},"13":{"start":{"line":92,"column":25},"end":{"line":97,"column":1}},"14":{"start":{"line":99,"column":28},"end":{"line":108,"column":1}},"15":{"start":{"line":110,"column":26},"end":{"line":113,"column":1}},"16":{"start":{"line":115,"column":22},"end":{"line":118,"column":1}},"17":{"start":{"line":120,"column":20},"end":{"line":125,"column":1}},"18":{"start":{"line":127,"column":25},"end":{"line":133,"column":1}},"19":{"start":{"line":135,"column":25},"end":{"line":140,"column":1}},"20":{"start":{"line":142,"column":24},"end":{"line":145,"column":1}},"21":{"start":{"line":147,"column":31},"end":{"line":150,"column":1}},"22":{"start":{"line":152,"column":21},"end":{"line":155,"column":1}}},"fnMap":{},"branchMap":{},"s":{"0":1,"1":1,"2":1,"3":1,"4":1,"5":1,"6":1,"7":1,"8":1,"9":1,"10":1,"11":1,"12":1,"13":1,"14":1,"15":1,"16":1,"17":1,"18":1,"19":1,"20":1,"21":1,"22":1},"f":{},"b":{},"_coverageSchema":"1a1c01bbd47fc00a2c39e90264f33305004495a9","hash":"481b71b140b5dc6cf5f622041556cd2c297c6125"}
,"C:\\Users\\Ausra\\Desktop\\NomNom-frontend\\screens\\feed.js": {"path":"C:\\Users\\Ausra\\Desktop\\NomNom-frontend\\screens\\feed.js","statementMap":{"0":{"start":{"line":4,"column":13},"end":{"line":11,"column":1}},"1":{"start":{"line":6,"column":4},"end":{"line":10,"column":6}}},"fnMap":{"0":{"name":"(anonymous_0)","decl":{"start":{"line":4,"column":13},"end":{"line":4,"column":14}},"loc":{"start":{"line":5,"column":0},"end":{"line":11,"column":1}},"line":5}},"branchMap":{},"s":{"0":0,"1":0},"f":{"0":0},"b":{}}
,"C:\\Users\\Ausra\\Desktop\\NomNom-frontend\\screens\\login.js": {"path":"C:\\Users\\Ausra\\Desktop\\NomNom-frontend\\screens\\login.js","statementMap":{"0":{"start":{"line":31,"column":71},"end":{"line":31,"column":78}},"1":{"start":{"line":33,"column":14},"end":{"line":98,"column":1}},"2":{"start":{"line":34,"column":44},"end":{"line":34,"column":58}},"3":{"start":{"line":35,"column":23},"end":{"line":35,"column":38}},"4":{"start":{"line":36,"column":23},"end":{"line":36,"column":58}},"5":{"start":{"line":36,"column":29},"end":{"line":36,"column":58}},"6":{"start":{"line":37,"column":20},"end":{"line":37,"column":53}},"7":{"start":{"line":37,"column":26},"end":{"line":37,"column":53}},"8":{"start":{"line":38,"column":4},"end":{"line":97,"column":6}},"9":{"start":{"line":49,"column":48},"end":{"line":49,"column":68}},"10":{"start":{"line":53,"column":32},"end":{"line":90,"column":49}},"11":{"start":{"line":100,"column":20},"end":{"line":116,"column":1}},"12":{"start":{"line":101,"column":4},"end":{"line":115,"column":17}},"13":{"start":{"line":111,"column":42},"end":{"line":111,"column":72}}},"fnMap":{"0":{"name":"(anonymous_0)","decl":{"start":{"line":33,"column":14},"end":{"line":33,"column":15}},"loc":{"start":{"line":33,"column":20},"end":{"line":98,"column":1}},"line":33},"1":{"name":"(anonymous_1)","decl":{"start":{"line":36,"column":23},"end":{"line":36,"column":24}},"loc":{"start":{"line":36,"column":29},"end":{"line":36,"column":58}},"line":36},"2":{"name":"(anonymous_2)","decl":{"start":{"line":37,"column":20},"end":{"line":37,"column":21}},"loc":{"start":{"line":37,"column":26},"end":{"line":37,"column":53}},"line":37},"3":{"name":"(anonymous_3)","decl":{"start":{"line":49,"column":34},"end":{"line":49,"column":35}},"loc":{"start":{"line":49,"column":46},"end":{"line":49,"column":70}},"line":49},"4":{"name":"(anonymous_4)","decl":{"start":{"line":52,"column":28},"end":{"line":52,"column":29}},"loc":{"start":{"line":53,"column":32},"end":{"line":90,"column":49}},"line":53},"5":{"name":"(anonymous_5)","decl":{"start":{"line":100,"column":20},"end":{"line":100,"column":21}},"loc":{"start":{"line":100,"column":94},"end":{"line":116,"column":1}},"line":100},"6":{"name":"(anonymous_6)","decl":{"start":{"line":111,"column":36},"end":{"line":111,"column":37}},"loc":{"start":{"line":111,"column":42},"end":{"line":111,"column":72}},"line":111}},"branchMap":{"0":{"loc":{"start":{"line":110,"column":13},"end":{"line":114,"column":13}},"type":"binary-expr","locations":[{"start":{"line":110,"column":13},"end":{"line":110,"column":23}},{"start":{"line":111,"column":16},"end":{"line":113,"column":28}}],"line":110},"1":{"loc":{"start":{"line":112,"column":36},"end":{"line":112,"column":84}},"type":"cond-expr","locations":[{"start":{"line":112,"column":51},"end":{"line":112,"column":68}},{"start":{"line":112,"column":71},"end":{"line":112,"column":84}}],"line":112}},"s":{"0":0,"1":0,"2":0,"3":0,"4":0,"5":0,"6":0,"7":0,"8":0,"9":0,"10":0,"11":0,"12":0,"13":0},"f":{"0":0,"1":0,"2":0,"3":0,"4":0,"5":0,"6":0},"b":{"0":[0,0],"1":[0,0]}}
,"C:\\Users\\Ausra\\Desktop\\NomNom-frontend\\screens\\map.js": {"path":"C:\\Users\\Ausra\\Desktop\\NomNom-frontend\\screens\\map.js","statementMap":{"0":{"start":{"line":9,"column":71},"end":{"line":9,"column":78}},"1":{"start":{"line":11,"column":12},"end":{"line":18,"column":1}},"2":{"start":{"line":12,"column":4},"end":{"line":17,"column":6}}},"fnMap":{"0":{"name":"(anonymous_0)","decl":{"start":{"line":11,"column":12},"end":{"line":11,"column":13}},"loc":{"start":{"line":11,"column":18},"end":{"line":18,"column":1}},"line":11}},"branchMap":{},"s":{"0":0,"1":0,"2":0},"f":{"0":0},"b":{}}
,"C:\\Users\\Ausra\\Desktop\\NomNom-frontend\\screens\\signup.js": {"path":"C:\\Users\\Ausra\\Desktop\\NomNom-frontend\\screens\\signup.js","statementMap":{"0":{"start":{"line":33,"column":71},"end":{"line":33,"column":78}},"1":{"start":{"line":35,"column":36},"end":{"line":37,"column":1}},"2":{"start":{"line":36,"column":4},"end":{"line":36,"column":57}},"3":{"start":{"line":38,"column":15},"end":{"line":148,"column":1}},"4":{"start":{"line":40,"column":44},"end":{"line":40,"column":58}},"5":{"start":{"line":41,"column":34},"end":{"line":41,"column":48}},"6":{"start":{"line":42,"column":19},"end":{"line":57,"column":6}},"7":{"start":{"line":54,"column":12},"end":{"line":54,"column":32}},"8":{"start":{"line":55,"column":12},"end":{"line":55,"column":73}},"9":{"start":{"line":60,"column":23},"end":{"line":60,"column":38}},"10":{"start":{"line":61,"column":22},"end":{"line":61,"column":56}},"11":{"start":{"line":61,"column":28},"end":{"line":61,"column":56}},"12":{"start":{"line":63,"column":4},"end":{"line":147,"column":6}},"13":{"start":{"line":74,"column":32},"end":{"line":140,"column":49}},"14":{"start":{"line":150,"column":20},"end":{"line":166,"column":1}},"15":{"start":{"line":151,"column":4},"end":{"line":165,"column":17}},"16":{"start":{"line":161,"column":42},"end":{"line":161,"column":72}}},"fnMap":{"0":{"name":"(anonymous_0)","decl":{"start":{"line":35,"column":36},"end":{"line":35,"column":37}},"loc":{"start":{"line":35,"column":45},"end":{"line":37,"column":1}},"line":35},"1":{"name":"(anonymous_1)","decl":{"start":{"line":38,"column":15},"end":{"line":38,"column":16}},"loc":{"start":{"line":38,"column":21},"end":{"line":148,"column":1}},"line":38},"2":{"name":"(anonymous_2)","decl":{"start":{"line":53,"column":18},"end":{"line":53,"column":19}},"loc":{"start":{"line":53,"column":30},"end":{"line":56,"column":9}},"line":53},"3":{"name":"(anonymous_3)","decl":{"start":{"line":61,"column":22},"end":{"line":61,"column":23}},"loc":{"start":{"line":61,"column":28},"end":{"line":61,"column":56}},"line":61},"4":{"name":"(anonymous_4)","decl":{"start":{"line":73,"column":28},"end":{"line":73,"column":29}},"loc":{"start":{"line":74,"column":32},"end":{"line":140,"column":49}},"line":74},"5":{"name":"(anonymous_5)","decl":{"start":{"line":150,"column":20},"end":{"line":150,"column":21}},"loc":{"start":{"line":150,"column":94},"end":{"line":166,"column":1}},"line":150},"6":{"name":"(anonymous_6)","decl":{"start":{"line":161,"column":36},"end":{"line":161,"column":37}},"loc":{"start":{"line":161,"column":42},"end":{"line":161,"column":72}},"line":161}},"branchMap":{"0":{"loc":{"start":{"line":84,"column":37},"end":{"line":84,"column":135}},"type":"cond-expr","locations":[{"start":{"line":84,"column":89},"end":{"line":84,"column":128}},{"start":{"line":84,"column":131},"end":{"line":84,"column":135}}],"line":84},"1":{"loc":{"start":{"line":84,"column":37},"end":{"line":84,"column":86}},"type":"binary-expr","locations":[{"start":{"line":84,"column":37},"end":{"line":84,"column":60}},{"start":{"line":84,"column":64},"end":{"line":84,"column":86}}],"line":84},"2":{"loc":{"start":{"line":95,"column":37},"end":{"line":95,"column":126}},"type":"cond-expr","locations":[{"start":{"line":95,"column":83},"end":{"line":95,"column":119}},{"start":{"line":95,"column":122},"end":{"line":95,"column":126}}],"line":95},"3":{"loc":{"start":{"line":95,"column":37},"end":{"line":95,"column":80}},"type":"binary-expr","locations":[{"start":{"line":95,"column":37},"end":{"line":95,"column":57}},{"start":{"line":95,"column":61},"end":{"line":95,"column":80}}],"line":95},"4":{"loc":{"start":{"line":109,"column":37},"end":{"line":109,"column":135}},"type":"cond-expr","locations":[{"start":{"line":109,"column":89},"end":{"line":109,"column":128}},{"start":{"line":109,"column":131},"end":{"line":109,"column":135}}],"line":109},"5":{"loc":{"start":{"line":109,"column":37},"end":{"line":109,"column":86}},"type":"binary-expr","locations":[{"start":{"line":109,"column":37},"end":{"line":109,"column":60}},{"start":{"line":109,"column":64},"end":{"line":109,"column":86}}],"line":109},"6":{"loc":{"start":{"line":123,"column":37},"end":{"line":124,"column":93}},"type":"cond-expr","locations":[{"start":{"line":124,"column":40},"end":{"line":124,"column":86}},{"start":{"line":124,"column":89},"end":{"line":124,"column":93}}],"line":123},"7":{"loc":{"start":{"line":123,"column":37},"end":{"line":123,"column":100}},"type":"binary-expr","locations":[{"start":{"line":123,"column":37},"end":{"line":123,"column":67}},{"start":{"line":123,"column":71},"end":{"line":123,"column":100}}],"line":123},"8":{"loc":{"start":{"line":160,"column":13},"end":{"line":164,"column":13}},"type":"binary-expr","locations":[{"start":{"line":160,"column":13},"end":{"line":160,"column":23}},{"start":{"line":161,"column":16},"end":{"line":163,"column":28}}],"line":160},"9":{"loc":{"start":{"line":162,"column":36},"end":{"line":162,"column":84}},"type":"cond-expr","locations":[{"start":{"line":162,"column":51},"end":{"line":162,"column":68}},{"start":{"line":162,"column":71},"end":{"line":162,"column":84}}],"line":162}},"s":{"0":1,"1":1,"2":3,"3":1,"4":2,"5":1,"6":1,"7":0,"8":0,"9":1,"10":0,"11":0,"12":0,"13":0,"14":1,"15":0,"16":0},"f":{"0":3,"1":2,"2":0,"3":0,"4":0,"5":0,"6":0},"b":{"0":[0,0],"1":[0,0],"2":[0,0],"3":[0,0],"4":[0,0],"5":[0,0],"6":[0,0],"7":[0,0],"8":[0,0],"9":[0,0]},"_coverageSchema":"1a1c01bbd47fc00a2c39e90264f33305004495a9","hash":"de64f28f339cc76153f9fa2cb89ba555d7007a02"}
}
